(0, '1688.com')
(1, '360.cn')
(2, '39.net')
(3, '4chan.org')
(4, '53.com')
(5, '6pm.com')
(6, '9gag.com')
(7, 'aa.com')
(8, 'aafp.org')
(9, 'aamc.org')
(10, 'aarp.org')
(11, 'abc.net.au')
(12, 'abcya.com')
(13, 'ablinc.com')
(14, 'absa.co.za')
(15, 'accurint.com')
(16, 'accuweather.com')
(17, 'acs.org')
(18, 'adam4adam.com')
(19, 'adobe.com')
(20, 'adp.com')
(21, 'adultdvdempire.com')
(22, 'adultdvdtalk.com')
(23, 'adultfriendfinder.com')
(24, 'adultwork.com')
(25, 'aetna.com')
(26, 'agoda.com')
(27, 'alaskaair.com')
(28, 'alibaba.com')
(29, 'alipay.com')
(30, 'allegro.pl')
(31, 'alliancebank.com')
(32, 'allrecipes.com')
(33, 'alotporn.com')
(34, 'amarillo.gov')
(35, 'amazon.ca')
(36, 'americanexpress.com')
(37, 'americangreetings.com')
(38, 'ana.co.jp')
(39, 'ancestry.com')
(40, 'android.com')
(41, 'answers.com')
(42, 'anz.com.au')
(43, 'aol.com')
(44, 'apa.org')
(45, 'apartmenttherapy.com')
(46, 'apple.com')
(47, 'archive.org')
(48, 'arena.net')
(49, 'arxiv.org')
(50, 'asb.co.nz')
(51, 'ask.com')
(52, 'asos.com')
(53, 'associatedbank.com')
(54, 'asstr.org')
(55, 'ato.gov.au')
(56, 'atpworldtour.com')
(57, 'att.com')
(58, 'autoblog.com')
(59, 'autodesk.com')
(60, 'autotrader.com')
(61, 'avclub.com')
(62, 'azlyrics.com')
(63, 'babycenter.com')
(64, 'babytree.com')
(65, 'backpage.com')
(66, 'baidu.com')
(67, 'banco.bradesco')
(68, 'bankmillennium.pl')
(69, 'bankofamerica.com')
(70, 'bankofthewest.com')
(71, 'bankrate.com')
(72, 'barclaycardus.com')
(73, 'barnesandnoble.com')
(74, 'baseball-reference.com')
(75, 'basketball-reference.com')
(76, 'battle.net')
(77, 'bbamericas.com')
(78, 'bbb.org')
(79, 'bbc.co.uk')
(80, 'bbt.com')
(81, 'behance.net')
(82, 'bendigo.vic.gov.au')
(83, 'berkeley.edu')
(84, 'bestbuy.com')
(85, 'bet-at-home.com')
(86, 'bgr.com')
(87, 'bhdleon.com.do')
(88, 'bhg.com')
(89, 'bhphotovideo.com')
(90, 'biblegateway.com')
(91, 'biblehub.com')
(92, 'billboard.com')
(93, 'bing.com')
(94, 'biomedcentral.com')
(95, 'bitcoin.com')
(96, 'bitcointalk.org')
(97, 'bitfinex.com')
(98, 'blackboard.com')
(99, 'bleacherreport.com')
(100, 'blizzard.com')
(101, 'blockchain.com')
(102, 'blogger.com')
(103, 'bloomberg.com')
(104, 'bloomspot.com')
(105, 'bmj.com')
(106, 'bmo.com')
(107, 'boardgamegeek.com')
(108, 'bodybuilding.com')
(109, 'bom.gov.au')
(110, 'bonappetit.com')
(111, 'bongacams.com')
(112, 'booking.com')
(113, 'border.gov.au')
(114, 'britannica.com')
(115, 'britishairways.com')
(116, 'bt.com')
(117, 'bulbagarden.net')
(118, 'bungie.net')
(119, 'business.gov.au')
(120, 'businessinsider.com')
(121, 'cafemom.com')
(122, 'cahoot.com')
(123, 'caijing.com.cn')
(124, 'cam4.com')
(125, 'cambridge.org')
(126, 'cams.com')
(127, 'cancer.gov')
(128, 'capitalone.com')
(129, 'capitecbank.co.za')
(130, 'caranddriver.com')
(131, 'careerbuilder.com')
(132, 'carfax.com')
(133, 'cbc.ca')
(134, 'cbsnews.com')
(135, 'cbssports.com')
(136, 'cc.com')
(137, 'cdc.gov')
(138, 'celebritymoviearchive.com')
(139, 'centurylink.com')
(140, 'change.org')
(141, 'chase.com')
(142, 'chaturbate.com')
(143, 'chess.com')
(144, 'china.com.cn')
(145, 'chinadaily.com.cn')
(146, 'chron.com')
(147, 'cibc.com')
(148, 'cielotalent.com')
(149, 'cimbclicks.com')
(150, 'cisco.com')
(151, 'citationmachine.net')
(152, 'citi.com')
(153, 'citizensbank.com')
(154, 'clevelandclinic.org')
(155, 'cliphunter.com')
(156, 'clips4sale.com')
(157, 'cnbc.com')
(158, 'cnblogs.com')
(159, 'cnet.com')
(160, 'cnn.com')
(161, 'co-operativebank.co.uk')
(162, 'codecademy.com')
(163, 'coinbase.com')
(164, 'coinmarketcap.com')
(165, 'cointelegraph.com')
(166, 'collegeboard.org')
(167, 'colorado.edu')
(168, 'columbia.edu')
(169, 'comerica.com')
(170, 'commbank.com.au')
(171, 'companieshouse.gov.uk')
(172, 'compass.co')
(173, 'complex.com')
(174, 'consumerreports.org')
(175, 'cornell.edu')
(176, 'correios.com.br')
(177, 'cosmopolitan.com')
(178, 'costco.com')
(179, 'couchsurfing.com')
(180, 'countryliving.com')
(181, 'coursera.org')
(182, 'cracked.com')
(183, 'craigslist.org')
(184, 'credit-agricole.it')
(185, 'creditkarma.com')
(186, 'cricbuzz.com')
(187, 'crownaudio.com')
(188, 'csdn.net')
(189, 'css-tricks.com')
(190, 'cua.com.au')
(191, 'curse.com')
(192, 'dailykos.com')
(193, 'dailymail.co.uk')
(194, 'db.com')
(195, 'dbs.com')
(196, 'deadspin.com')
(197, 'deezer.com')
(198, 'delta.com')
(199, 'deviantart.com')
(200, 'dhl.com')
(201, 'dict.cc')
(202, 'digg.com')
(203, 'digitalplayground.com')
(204, 'digitaltrends.com')
(205, 'dinersclubus.com')
(206, 'discogs.com')
(207, 'discover.com')
(208, 'discovery.com')
(209, 'dpreview.com')
(210, 'dropbox.com')
(211, 'drudgereport.com')
(212, 'drugs.com')
(213, 'duolingo.com')
(214, 'dw.com')
(215, 'e-gold.com')
(216, 'ea.com')
(217, 'easports.com')
(218, 'easybib.com')
(219, 'easyjet.com')
(220, 'ebaumsworld.com')
(221, 'ebay.co.uk')
(222, 'ebscohost.com')
(223, 'ecollege.com')
(224, 'economist.com')
(225, 'ed.gov')
(226, 'edmunds.com')
(227, 'edx.org')
(228, 'elsevier.com')
(229, 'emirates.com')
(230, 'engadget.com')
(231, 'epicgames.com')
(232, 'epicurious.com')
(233, 'eppicard.com')
(234, 'espn.com')
(235, 'espncricinfo.com')
(236, 'espnfc.us')
(237, 'esquire.com')
(238, 'etsy.com')
(239, 'eurogamer.net')
(240, 'europa.eu')
(241, 'eurosport.com')
(242, 'eventbrite.com')
(243, 'ew.com')
(244, 'expedia.com')
(245, 'express-scripts.com')
(246, 'f-list.net')
(247, 'facebook.com')
(248, 'fanfiction.net')
(249, 'fao.org')
(250, 'fda.gov')
(251, 'fdic.gov')
(252, 'fedex.com')
(253, 'fema.gov')
(254, 'fetlife.com')
(255, 'ffsavings.com')
(256, 'fhb.com')
(257, 'fidelity.com')
(258, 'fifa.com')
(259, 'filgoal.com')
(260, 'finalfantasyxiv.com')
(261, 'firstdirect.com')
(262, 'fixya.com')
(263, 'flashscore.com')
(264, 'flightradar24.com')
(265, 'flipkart.com')
(266, 'flirt4free.com')
(267, 'fnb.co.za')
(268, 'fontawesome.io')
(269, 'fontsquirrel.com')
(270, 'fool.com')
(271, 'football365.com')
(272, 'forbes.com')
(273, 'ford.com')
(274, 'forever21.com')
(275, 'foxnews.com')
(276, 'foxsports.com')
(277, 'fragrantica.com')
(278, 'franklintempleton.com')
(279, 'freeones.com')
(280, 'ftvgirls.com')
(281, 'furaffinity.net')
(282, 'gamefaqs.com')
(283, 'gamespot.com')
(284, 'gamesradar.com')
(285, 'gamestop.com')
(286, 'gap.com')
(287, 'gayboystube.com')
(288, 'giantbomb.com')
(289, 'github.com')
(290, 'gizmodo.com')
(291, 'globaltimes.cn')
(292, 'go.com')
(293, 'goal.com')
(294, 'gocomics.com')
(295, 'godaddy.com')
(296, 'goodhousekeeping.com')
(297, 'goodreads.com')
(298, 'google.com')
(299, 'gq.com')
(300, 'grammarly.com')
(301, 'groupon.com')
(302, 'grubhub.com')
(303, 'gruppocarige.it')
(304, 'gsmarena.com')
(305, 'gsmhosting.com')
(306, 'gtbank.com')
(307, 'guildwars2.com')
(308, 'habbo.com')
(309, 'halifax.co.uk')
(310, 'hao123.com')
(311, 'harvard.edu')
(312, 'hdfcbank.com')
(313, 'health.com')
(314, 'healthcare.gov')
(315, 'healthgrades.com')
(316, 'heart.org')
(317, 'hentai-foundry.com')
(318, 'hentai2read.com')
(319, 'hgtv.com')
(320, 'hi5.com')
(321, 'hilton.com')
(322, 'hindawi.com')
(323, 'hindustantimes.com')
(324, 'history.com')
(325, 'hkjc.com')
(326, 'hm.com')
(327, 'hollywoodreporter.com')
(328, 'homeaway.com')
(329, 'homedepot.com')
(330, 'hotels.com')
(331, 'howstuffworks.com')
(332, 'hp.com')
(333, 'hsbc.com')
(334, 'huffingtonpost.com')
(335, 'hulu.com')
(336, 'humblebundle.com')
(337, 'huntington.com')
(338, 'iafd.com')
(339, 'icicibank.com')
(340, 'icy-veins.com')
(341, 'ieee.org')
(342, 'ifixit.com')
(343, 'ign.com')
(344, 'iherb.com')
(345, 'ikea.com')
(346, 'illinois.edu')
(347, 'imdb.com')
(348, 'imgur.com')
(349, 'imlive.com')
(350, 'indeed.com')
(351, 'independentbank.com')
(352, 'indianexpress.com')
(353, 'indiatimes.com')
(354, 'infowars.com')
(355, 'ing.com')
(356, 'inkbunny.net')
(357, 'instructables.com')
(358, 'intel.com')
(359, 'interactivebrokers.com')
(360, 'interpals.net')
(361, 'intesasanpaolo.com')
(362, 'investing.com')
(363, 'investopedia.com')
(364, 'irctc.co.in')
(365, 'irs.gov')
(366, 'istockphoto.com')
(367, 'itau.com.br')
(368, 'itch.io')
(369, 'jal.co.jp')
(370, 'jalopnik.com')
(371, 'japanpost.jp')
(372, 'jcpenney.com')
(373, 'jd.com')
(374, 'jezebel.com')
(375, 'jma.go.jp')
(376, 'jstor.org')
(377, 'just-eat.co.uk')
(378, 'jw.org')
(379, 'kaiserpermanente.org')
(380, 'kayak.com')
(381, 'kbb.com')
(382, 'kcfcu.org')
(383, 'key.com')
(384, 'khanacademy.org')
(385, 'kidshealth.org')
(386, 'kiwibank.co.nz')
(387, 'kohls.com')
(388, 'kongregate.com')
(389, 'kraken.com')
(390, 'lasalle.com')
(391, 'latam.com')
(392, 'latimes.com')
(393, 'lds.org')
(394, 'leagueoflegends.com')
(395, 'legacy.com')
(396, 'lego.com')
(397, 'leo.org')
(398, 'lifehack.org')
(399, 'linkedin.com')
(400, 'literotica.com')
(401, 'littlewoods.com')
(402, 'live.com')
(403, 'livejasmin.com')
(404, 'livejournal.com')
(405, 'liveleak.com')
(406, 'livescience.com')
(407, 'livescore.com')
(408, 'livingsocial.com')
(409, 'lloydsbank.com')
(410, 'localbitcoins.com')
(411, 'lolcounter.com')
(412, 'lonelyplanet.com')
(413, 'lottomatica.it')
(414, 'lowes.com')
(415, 'lufthansa.com')
(416, 'luscious.net')
(417, 'lynda.com')
(418, 'macys.com')
(419, 'manhunt.net')
(420, 'marketwatch.com')
(421, 'marriott.com')
(422, 'marthastewart.com')
(423, 'mastercard.us')
(424, 'match.com')
(425, 'mathsisfun.com')
(426, 'mathworks.com')
(427, 'maxpreps.com')
(428, 'mayoclinic.org')
(429, 'mbtrading.com')
(430, 'mediafire.com')
(431, 'medicinenet.com')
(432, 'medlineplus.gov')
(433, 'medscape.com')
(434, 'mega.nz')
(435, 'mensfitness.com')
(436, 'menshealth.com')
(437, 'mercola.com')
(438, 'mergersandinquisitions.com')
(439, 'merriam-webster.com')
(440, 'metacritic.com')
(441, 'metrobankonline.co.uk')
(442, 'microsoft.com')
(443, 'minecraft.net')
(444, 'minecraftforum.net')
(445, 'miniclip.com')
(446, 'mint.com')
(447, 'mit.edu')
(448, 'mlb.com')
(449, 'mmo-champion.com')
(450, 'motorsport.com')
(451, 'mozilla.org')
(452, 'mrskin.com')
(453, 'msn.com')
(454, 'myetherwallet.com')
(455, 'myfitnesspal.com')
(456, 'myspace.com')
(457, 'myway.com')
(458, 'n-ram.co.uk')
(459, 'nab.com.au')
(460, 'nantucketbank.com')
(461, 'nationalcityca.gov')
(462, 'nationalgeographic.com')
(463, 'nationwide.com')
(464, 'nature.com')
(465, 'natwest.com')
(466, 'nba.com')
(467, 'nbcnews.com')
(468, 'nbcsports.com')
(469, 'nbkc.com')
(470, 'ndtv.com')
(471, 'nedbank.co.za')
(472, 'nejm.org')
(473, 'netflix.com')
(474, 'nets.eu')
(475, 'netsuite.com')
(476, 'newegg.com')
(477, 'news.com.au')
(478, 'newsweek.com')
(479, 'newyorker.com')
(480, 'nexi.it')
(481, 'nexon.net')
(482, 'nexusmods.com')
(483, 'nfl.com')
(484, 'nhentai.net')
(485, 'nhl.com')
(486, 'nifty.org')
(487, 'nih.gov')
(488, 'nike.com')
(489, 'nintendo.com')
(490, 'noaa.gov')
(491, 'nordea.com')
(492, 'nordstrom.com')
(493, 'npr.org')
(494, 'nudevista.com')
(495, 'nvidia.com')
(496, 'nypost.com')
(497, 'nytimes.com')
(498, 'nyu.edu')
(499, 'office.com')
(500, 'oglaf.com')
(501, 'opendns.com')
(502, 'opentable.com')
(503, 'oracle.com')
(504, 'orange.com')
(505, 'orbitz.com')
(506, 'orkut.com')
(507, 'otomoto.pl')
(508, 'oup.com')
(509, 'overstock.com')
(510, 'oxforddictionaries.com')
(511, 'pandora.com')
(512, 'patient.info')
(513, 'patreon.com')
(514, 'paxful.com')
(515, 'paypal.com')
(516, 'pbs.org')
(517, 'pbskids.org')
(518, 'pcgamer.com')
(519, 'pch.com')
(520, 'pcworld.com')
(521, 'people.com.cn')
(522, 'peoples.com')
(523, 'permanenttsb.ie')
(524, 'petmd.com')
(525, 'phonearena.com')
(526, 'pinterest.com')
(527, 'pkobp.pl')
(528, 'planetsuzy.org')
(529, 'playstation.com')
(530, 'plos.org')
(531, 'plumdistrict.com')
(532, 'pnc.com')
(533, 'poloniex.com')
(534, 'popsugar.com')
(535, 'popularmechanics.com')
(536, 'porn.com')
(537, 'poste.it')
(538, 'premierleague.com')
(539, 'prevention.com')
(540, 'priceline.com')
(541, 'psu.edu')
(542, 'psychologytoday.com')
(543, 'purdue.edu')
(544, 'qatarairways.com')
(545, 'qq.com')
(546, 'rabobank.com')
(547, 'rackspace.com')
(548, 'raspberrypi.org')
(549, 'rbcroyalbank.com')
(550, 'rbs.co.uk')
(551, 'realtor.com')
(552, 'redbubble.com')
(553, 'reddit.com')
(554, 'regions.com')
(555, 'rei.com')
(556, 'researchgate.net')
(557, 'reuters.com')
(558, 'reverso.net')
(559, 'rhymezone.com')
(560, 'rivals.com')
(561, 'roblox.com')
(562, 'rockstargames.com')
(563, 'rotoworld.com')
(564, 'rottentomatoes.com')
(565, 'royalmail.com')
(566, 'rt.com')
(567, 'runescape.com')
(568, 'rxlist.com')
(569, 'ryanair.com')
(570, 'safra.com')
(571, 'salemfive.com')
(572, 'salesforce.com')
(573, 'salon.com')
(574, 'samsung.com')
(575, 'santander.co.uk')
(576, 'sars.gov.za')
(577, 'sbnation.com')
(578, 'sciencedaily.com')
(579, 'sciencedirect.com')
(580, 'sciencemag.org')
(581, 'scientificamerican.com')
(582, 'scribd.com')
(583, 'sdsu.edu')
(584, 'seamless.com')
(585, 'self.com')
(586, 'sephora.com')
(587, 'service.gov.uk')
(588, 'sextvx.com')
(589, 'sfgate.com')
(590, 'shutterfly.com')
(591, 'shutterstock.com')
(592, 'si.com')
(593, 'sigmaaldrich.com')
(594, 'sina.com.cn')
(595, 'siteadvisor.com')
(596, 'sitepoint.com')
(597, 'sky.com')
(598, 'skyfinancial.com')
(599, 'skype.com')
(600, 'skyscanner.com')
(601, 'skysports.com')
(602, 'slate.com')
(603, 'slideshare.net')
(604, 'smile.co.uk')
(605, 'snopes.com')
(606, 'so.com')
(607, 'soccerway.com')
(608, 'sogou.com')
(609, 'sohu.com')
(610, 'soompi.com')
(611, 'soundcloud.com')
(612, 'southwest.com')
(613, 'spanishdict.com')
(614, 'spankwire.com')
(615, 'speedtest.net')
(616, 'spine-health.com')
(617, 'sporcle.com')
(618, 'sportingnews.com')
(619, 'spotify.com')
(620, 'springer.com')
(621, 'square-enix.com')
(622, 'squirt.org')
(623, 'ssa.gov')
(624, 'stackoverflow.com')
(625, 'standardbankbd.com')
(626, 'stanford.edu')
(627, 'staples.com')
(628, 'state.gov')
(629, 'steadyhealth.com')
(630, 'steampowered.com')
(631, 'stgeorge.com.au')
(632, 'strava.com')
(633, 'streamate.com')
(634, 'studentdoctor.net')
(635, 'stumbleupon.com')
(636, 'suicidegirls.com')
(637, 'sulekha.com')
(638, 'suncorp.com.au')
(639, 'swedbank.us')
(640, 'symbolab.com')
(641, 'tagged.com')
(642, 'taobao.com')
(643, 'target.com')
(644, 'td.com')
(645, 'tdameritrade.com')
(646, 'teamliquid.net')
(647, 'techcrunch.com')
(648, 'ted.com')
(649, 'telegraph.co.uk')
(650, 'tesco.com')
(651, 'theatlantic.com')
(652, 'thedailybeast.com')
(653, 'thefreedictionary.com')
(654, 'theguardian.com')
(655, 'thehill.com')
(656, 'thehindu.com')
(657, 'thekitchn.com')
(658, 'theknot.com')
(659, 'theonion.com')
(660, 'thesaurus.com')
(661, 'thesimsresource.com')
(662, 'thesun.co.uk')
(663, 'theverge.com')
(664, 'thrillist.com')
(665, 'tianya.cn')
(666, 'tibia.com')
(667, 'ticketmaster.com')
(668, 'time.com')
(669, 'timeanddate.com')
(670, 'timeout.com')
(671, 'tmall.com')
(672, 'tmz.com')
(673, 'tomsguide.com')
(674, 'tomshardware.com')
(675, 'travelocity.com')
(676, 'trello.com')
(677, 'tripadvisor.com')
(678, 'trustedreviews.com')
(679, 'trustpilot.com')
(680, 'tsb.co.uk')
(681, 'tsn.ca')
(682, 'tumblr.com')
(683, 'tums.ac.ir')
(684, 'turkishairlines.com')
(685, 'turnitin.com')
(686, 'twitch.tv')
(687, 'twitter.com')
(688, 'uber.com')
(689, 'ubisoft.com')
(690, 'ucla.edu')
(691, 'udacity.com')
(692, 'udemy.com')
(693, 'uefa.com')
(694, 'ultimate-guitar.com')
(695, 'umich.edu')
(696, 'un.org')
(697, 'unicredit.it')
(698, 'united.com')
(699, 'unity3d.com')
(700, 'ups.com')
(701, 'urbandictionary.com')
(702, 'urbanoutfitters.com')
(703, 'usaa.com')
(704, 'usatoday.com')
(705, 'usbank.com')
(706, 'usda.gov')
(707, 'usgs.gov')
(708, 'usnews.com')
(709, 'usps.com')
(710, 'utexas.edu')
(711, 'va.gov')
(712, 'variety.com')
(713, 'verizonwireless.com')
(714, 'very.co.uk')
(715, 'vice.com')
(716, 'vimeo.com')
(717, 'vintage-erotica-forum.com')
(718, 'visa.com')
(719, 'vocabulary.com')
(720, 'vodafone.com')
(721, 'vr.de')
(722, 'vrbo.com')
(723, 'walgreens.com')
(724, 'walmart.com')
(725, 'washington.edu')
(726, 'washingtonpost.com')
(727, 'wayfair.com')
(728, 'weather.com')
(729, 'webex.com')
(730, 'webmd.com')
(731, 'weebly.com')
(732, 'weibo.com')
(733, 'weightwatchers.com')
(734, 'wellsfargo.com')
(735, 'westernunion.com')
(736, 'westlaw.com')
(737, 'westpac.com.au')
(738, 'whatsapp.com')
(739, 'who.int')
(740, 'wikia.com')
(741, 'wikihow.com')
(742, 'wikipedia.org')
(743, 'wiktionary.org')
(744, 'wiley.com')
(745, 'wired.com')
(746, 'wisc.edu')
(747, 'wizards.com')
(748, 'wolfram.com')
(749, 'wonderhowto.com')
(750, 'wordpress.com')
(751, 'wordreference.com')
(752, 'worldbank.org')
(753, 'worldofwarcraft.com')
(754, 'wowhead.com')
(755, 'wsj.com')
(756, 'wunderground.com')
(757, 'wwe.com')
(758, 'xapo.com')
(759, 'xbox.com')
(760, 'xe.com')
(761, 'xfinity.com')
(762, 'xinhuanet.com')
(763, 'xnxx.com')
(764, 'xvideos.com')
(765, 'y8.com')
(766, 'yahoo.com')
(767, 'yelp.com')
(768, 'yoox.com')
(769, 'youneedabudget.com')
(770, 'youporn.com')
(771, 'youtube.com')
(772, 'zappos.com')
(773, 'zara.com')
(774, 'zhihu.com')
(775, 'zillow.com')
(776, 'zocdoc.com')
(777, 'zomato.com')
(778, 'zynga.com')
